<?xml version="1.0" encoding="UTF-8"?>
<!-- Generated by org.testng.reporters.JUnitReportReporter -->
<testsuite hostname="DESKTOP-5MGC367" failures="0" tests="1" name="com.mystore.testcases.SearchResultTest" time="18.976" errors="0" timestamp="2022-05-26T16:01:20 IST" skipped="0">
  <testcase classname="com.mystore.testcases.SearchResultTest" name="productAvailabilityTest" time="18.976"/>
  <system-out/>
</testsuite> <!-- com.mystore.testcases.SearchResultTest -->
