<?xml version="1.0" encoding="UTF-8"?>
<!-- Generated by org.testng.reporters.JUnitReportReporter -->
<testsuite hostname="DESKTOP-5MGC367" failures="0" tests="1" name="com.mystore.testcases.OrderPageTest" time="46.262" errors="0" timestamp="2022-05-26T16:37:48 IST" skipped="0">
  <testcase classname="com.mystore.testcases.OrderPageTest" name="verifyTotalPrice" time="46.262"/>
  <system-out/>
</testsuite> <!-- com.mystore.testcases.OrderPageTest -->
