<?xml version="1.0" encoding="UTF-8"?>
<!-- Generated by org.testng.reporters.JUnitReportReporter -->
<testsuite hostname="DESKTOP-5MGC367" failures="0" tests="2" name="com.mystore.testcases.IndexPageTest" time="28.293" errors="0" timestamp="2022-05-26T12:32:37 IST" skipped="0">
  <testcase classname="com.mystore.testcases.IndexPageTest" name="verifyTitle" time="17.756"/>
  <system-out/>
  <testcase classname="com.mystore.testcases.IndexPageTest" name="verifyLogo" time="10.537"/>
  <system-out/>
</testsuite> <!-- com.mystore.testcases.IndexPageTest -->
