<?xml version="1.0" encoding="UTF-8"?>
<!-- Generated by org.testng.reporters.JUnitReportReporter -->
<testsuite hostname="DESKTOP-5MGC367" failures="0" tests="2" name="com.mystore.testcases.HomePageTest" time="54.436" errors="0" timestamp="2022-05-26T15:14:19 IST" skipped="0">
  <testcase classname="com.mystore.testcases.HomePageTest" name="orderHistoryandDetailsTest" time="36.601"/>
  <system-out/>
  <testcase classname="com.mystore.testcases.HomePageTest" name="wishLishTest" time="17.835"/>
  <system-out/>
</testsuite> <!-- com.mystore.testcases.HomePageTest -->
