<?xml version="1.0" encoding="UTF-8"?>
<!-- Generated by org.testng.reporters.JUnitReportReporter -->
<testsuite hostname="DESKTOP-5MGC367" failures="0" tests="1" name="com.mystore.testcases.AddToCartPageTest" time="19.532" errors="0" timestamp="2022-05-26T16:15:49 IST" skipped="0">
  <testcase classname="com.mystore.testcases.AddToCartPageTest" name="addToCartTest" time="19.532"/>
  <system-out/>
</testsuite> <!-- com.mystore.testcases.AddToCartPageTest -->
